{"D:\\My Projects\\FizzBuzz\\add.js":{"path":"D:\\My Projects\\FizzBuzz\\add.js","s":{"1":1,"2":1,"3":1},"b":{},"f":{"1":1},"fnMap":{"1":{"name":"add","line":1,"loc":{"start":{"line":1,"column":0},"end":{"line":1,"column":19}}}},"statementMap":{"1":{"start":{"line":1,"column":0},"end":{"line":3,"column":1}},"2":{"start":{"line":2,"column":2},"end":{"line":2,"column":15}},"3":{"start":{"line":5,"column":0},"end":{"line":5,"column":21}}},"branchMap":{}},"D:\\My Projects\\FizzBuzz\\fizzBuzz.js":{"path":"D:\\My Projects\\FizzBuzz\\fizzBuzz.js","s":{"1":1,"2":1,"3":0,"4":1,"5":0,"6":1,"7":0,"8":1,"9":1,"10":3,"11":5,"12":1,"13":5,"14":1,"15":4,"16":3,"17":1,"18":1,"19":0,"20":1,"21":10,"22":1,"23":9,"24":1,"25":8,"26":2,"27":6,"28":1},"b":{"1":[0,1],"2":[0,1],"3":[0,1],"4":[1,4],"5":[3,1],"6":[4,3],"7":[1,0],"8":[1,0],"9":[1,9],"10":[1,8],"11":[2,6],"12":[8,7],"13":[5,1]},"f":{},"fnMap":{},"statementMap":{"1":{"start":{"line":2,"column":0},"end":{"line":12,"column":1}},"2":{"start":{"line":3,"column":2},"end":{"line":11,"column":3}},"3":{"start":{"line":4,"column":4},"end":{"line":4,"column":22}},"4":{"start":{"line":5,"column":9},"end":{"line":11,"column":3}},"5":{"start":{"line":6,"column":4},"end":{"line":6,"column":18}},"6":{"start":{"line":7,"column":9},"end":{"line":11,"column":3}},"7":{"start":{"line":8,"column":4},"end":{"line":8,"column":18}},"8":{"start":{"line":10,"column":4},"end":{"line":10,"column":15}},"9":{"start":{"line":15,"column":0},"end":{"line":19,"column":1}},"10":{"start":{"line":16,"column":2},"end":{"line":18,"column":4}},"11":{"start":{"line":17,"column":4},"end":{"line":17,"column":23}},"12":{"start":{"line":21,"column":0},"end":{"line":31,"column":1}},"13":{"start":{"line":22,"column":2},"end":{"line":30,"column":3}},"14":{"start":{"line":23,"column":4},"end":{"line":23,"column":22}},"15":{"start":{"line":24,"column":9},"end":{"line":30,"column":3}},"16":{"start":{"line":25,"column":4},"end":{"line":25,"column":18}},"17":{"start":{"line":26,"column":9},"end":{"line":30,"column":3}},"18":{"start":{"line":27,"column":4},"end":{"line":27,"column":18}},"19":{"start":{"line":29,"column":4},"end":{"line":29,"column":15}},"20":{"start":{"line":34,"column":0},"end":{"line":48,"column":1}},"21":{"start":{"line":38,"column":2},"end":{"line":40,"column":3}},"22":{"start":{"line":39,"column":4},"end":{"line":39,"column":36}},"23":{"start":{"line":41,"column":2},"end":{"line":43,"column":3}},"24":{"start":{"line":42,"column":4},"end":{"line":42,"column":41}},"25":{"start":{"line":44,"column":2},"end":{"line":46,"column":3}},"26":{"start":{"line":45,"column":4},"end":{"line":45,"column":53}},"27":{"start":{"line":47,"column":2},"end":{"line":47,"column":46}},"28":{"start":{"line":50,"column":0},"end":{"line":50,"column":26}}},"branchMap":{"1":{"line":3,"type":"if","locations":[{"start":{"line":3,"column":2},"end":{"line":3,"column":2}},{"start":{"line":3,"column":2},"end":{"line":3,"column":2}}]},"2":{"line":5,"type":"if","locations":[{"start":{"line":5,"column":9},"end":{"line":5,"column":9}},{"start":{"line":5,"column":9},"end":{"line":5,"column":9}}]},"3":{"line":7,"type":"if","locations":[{"start":{"line":7,"column":9},"end":{"line":7,"column":9}},{"start":{"line":7,"column":9},"end":{"line":7,"column":9}}]},"4":{"line":22,"type":"if","locations":[{"start":{"line":22,"column":2},"end":{"line":22,"column":2}},{"start":{"line":22,"column":2},"end":{"line":22,"column":2}}]},"5":{"line":24,"type":"if","locations":[{"start":{"line":24,"column":9},"end":{"line":24,"column":9}},{"start":{"line":24,"column":9},"end":{"line":24,"column":9}}]},"6":{"line":24,"type":"binary-expr","locations":[{"start":{"line":24,"column":13},"end":{"line":24,"column":25}},{"start":{"line":24,"column":29},"end":{"line":24,"column":43}}]},"7":{"line":26,"type":"if","locations":[{"start":{"line":26,"column":9},"end":{"line":26,"column":9}},{"start":{"line":26,"column":9},"end":{"line":26,"column":9}}]},"8":{"line":26,"type":"binary-expr","locations":[{"start":{"line":26,"column":13},"end":{"line":26,"column":25}},{"start":{"line":26,"column":29},"end":{"line":26,"column":43}}]},"9":{"line":38,"type":"if","locations":[{"start":{"line":38,"column":2},"end":{"line":38,"column":2}},{"start":{"line":38,"column":2},"end":{"line":38,"column":2}}]},"10":{"line":41,"type":"if","locations":[{"start":{"line":41,"column":2},"end":{"line":41,"column":2}},{"start":{"line":41,"column":2},"end":{"line":41,"column":2}}]},"11":{"line":44,"type":"if","locations":[{"start":{"line":44,"column":2},"end":{"line":44,"column":2}},{"start":{"line":44,"column":2},"end":{"line":44,"column":2}}]},"12":{"line":44,"type":"binary-expr","locations":[{"start":{"line":44,"column":6},"end":{"line":44,"column":36}},{"start":{"line":44,"column":40},"end":{"line":44,"column":45}}]},"13":{"line":47,"type":"cond-expr","locations":[{"start":{"line":47,"column":18},"end":{"line":47,"column":30}},{"start":{"line":47,"column":33},"end":{"line":47,"column":45}}]}}}}