TN:
SF:D:\My Projects\FizzBuzz\add.js
FN:1,add
FNF:1
FNH:1
FNDA:1,add
DA:1,1
DA:2,1
DA:5,1
LF:3
LH:3
BRF:0
BRH:0
end_of_record
TN:
SF:D:\My Projects\FizzBuzz\fizzBuzz.js
FNF:0
FNH:0
DA:2,1
DA:3,1
DA:4,0
DA:5,1
DA:6,0
DA:7,1
DA:8,0
DA:10,1
DA:15,1
DA:16,3
DA:17,5
DA:21,1
DA:22,5
DA:23,1
DA:24,4
DA:25,3
DA:26,1
DA:27,1
DA:29,0
DA:34,1
DA:38,10
DA:39,1
DA:41,9
DA:42,1
DA:44,8
DA:45,2
DA:47,6
DA:50,1
LF:28
LH:24
BRDA:3,1,0,0
BRDA:3,1,1,1
BRDA:5,2,0,0
BRDA:5,2,1,1
BRDA:7,3,0,0
BRDA:7,3,1,1
BRDA:22,4,0,1
BRDA:22,4,1,4
BRDA:24,5,0,3
BRDA:24,5,1,1
BRDA:24,6,0,4
BRDA:24,6,1,3
BRDA:26,7,0,1
BRDA:26,7,1,0
BRDA:26,8,0,1
BRDA:26,8,1,0
BRDA:38,9,0,1
BRDA:38,9,1,9
BRDA:41,10,0,1
BRDA:41,10,1,8
BRDA:44,11,0,2
BRDA:44,11,1,6
BRDA:44,12,0,8
BRDA:44,12,1,7
BRDA:47,13,0,5
BRDA:47,13,1,1
BRF:26
BRH:21
end_of_record
