{"D:\\My Projects\\Args\\Args.js":{"path":"D:\\My Projects\\Args\\Args.js","s":{"1":1,"2":9,"3":9,"4":9,"5":34,"6":1,"7":1,"8":8,"9":8,"10":8,"11":8,"12":8,"13":75,"14":24,"15":51,"16":9,"17":9,"18":9,"19":8,"20":8,"21":71,"22":8,"23":71,"24":8,"25":12,"26":1,"27":2,"28":11,"29":1,"30":10,"31":9,"32":9,"33":8,"34":8,"35":30,"36":7,"37":23,"38":8,"39":8,"40":15,"41":7,"42":7,"43":8,"44":8,"45":8,"46":1},"b":{"1":[1,33],"2":[7,1],"3":[0,8],"4":[1,7],"5":[0,8],"6":[24,51],"7":[18,53],"8":[30,41],"9":[1,11],"10":[1,10],"11":[7,23],"12":[8,15],"13":[7,8],"14":[1,7],"15":[4,3]},"f":{"1":9,"2":9,"3":8,"4":75,"5":9,"6":12,"7":9},"fnMap":{"1":{"name":"(anonymous_1)","line":4,"loc":{"start":{"line":4,"column":13},"end":{"line":4,"column":26}}},"2":{"name":"(anonymous_2)","line":10,"loc":{"start":{"line":10,"column":10},"end":{"line":10,"column":24}}},"3":{"name":"(anonymous_3)","line":25,"loc":{"start":{"line":25,"column":12},"end":{"line":25,"column":30}}},"4":{"name":"(anonymous_4)","line":34,"loc":{"start":{"line":34,"column":20},"end":{"line":34,"column":34}}},"5":{"name":"(anonymous_5)","line":41,"loc":{"start":{"line":41,"column":9},"end":{"line":41,"column":15}}},"6":{"name":"(anonymous_6)","line":77,"loc":{"start":{"line":77,"column":8},"end":{"line":77,"column":34}}},"7":{"name":"(anonymous_7)","line":89,"loc":{"start":{"line":89,"column":7},"end":{"line":89,"column":10}}}},"statementMap":{"1":{"start":{"line":1,"column":0},"end":{"line":1,"column":27}},"2":{"start":{"line":5,"column":4},"end":{"line":5,"column":25}},"3":{"start":{"line":6,"column":4},"end":{"line":6,"column":17}},"4":{"start":{"line":11,"column":4},"end":{"line":16,"column":6}},"5":{"start":{"line":12,"column":6},"end":{"line":15,"column":7}},"6":{"start":{"line":13,"column":8},"end":{"line":13,"column":28}},"7":{"start":{"line":14,"column":8},"end":{"line":14,"column":61}},"8":{"start":{"line":26,"column":4},"end":{"line":26,"column":49}},"9":{"start":{"line":27,"column":4},"end":{"line":27,"column":45}},"10":{"start":{"line":28,"column":4},"end":{"line":28,"column":46}},"11":{"start":{"line":29,"column":4},"end":{"line":29,"column":44}},"12":{"start":{"line":30,"column":4},"end":{"line":30,"column":11}},"13":{"start":{"line":36,"column":4},"end":{"line":36,"column":43}},"14":{"start":{"line":36,"column":34},"end":{"line":36,"column":43}},"15":{"start":{"line":38,"column":4},"end":{"line":38,"column":41}},"16":{"start":{"line":42,"column":4},"end":{"line":42,"column":27}},"17":{"start":{"line":46,"column":4},"end":{"line":46,"column":71}},"18":{"start":{"line":48,"column":4},"end":{"line":48,"column":39}},"19":{"start":{"line":51,"column":4},"end":{"line":52,"column":18}},"20":{"start":{"line":54,"column":4},"end":{"line":56,"column":6}},"21":{"start":{"line":55,"column":6},"end":{"line":55,"column":57}},"22":{"start":{"line":59,"column":4},"end":{"line":63,"column":7}},"23":{"start":{"line":62,"column":6},"end":{"line":62,"column":60}},"24":{"start":{"line":65,"column":4},"end":{"line":72,"column":5}},"25":{"start":{"line":78,"column":4},"end":{"line":86,"column":5}},"26":{"start":{"line":79,"column":6},"end":{"line":81,"column":8}},"27":{"start":{"line":80,"column":8},"end":{"line":80,"column":28}},"28":{"start":{"line":82,"column":11},"end":{"line":86,"column":5}},"29":{"start":{"line":83,"column":6},"end":{"line":83,"column":33}},"30":{"start":{"line":85,"column":6},"end":{"line":85,"column":53}},"31":{"start":{"line":90,"column":4},"end":{"line":90,"column":17}},"32":{"start":{"line":91,"column":4},"end":{"line":92,"column":30}},"33":{"start":{"line":93,"column":4},"end":{"line":93,"column":21}},"34":{"start":{"line":95,"column":4},"end":{"line":124,"column":6}},"35":{"start":{"line":97,"column":6},"end":{"line":123,"column":7}},"36":{"start":{"line":98,"column":8},"end":{"line":98,"column":59}},"37":{"start":{"line":99,"column":13},"end":{"line":123,"column":7}},"38":{"start":{"line":104,"column":8},"end":{"line":104,"column":58}},"39":{"start":{"line":114,"column":8},"end":{"line":114,"column":50}},"40":{"start":{"line":115,"column":13},"end":{"line":123,"column":7}},"41":{"start":{"line":116,"column":8},"end":{"line":116,"column":45}},"42":{"start":{"line":117,"column":8},"end":{"line":117,"column":107}},"43":{"start":{"line":119,"column":8},"end":{"line":120,"column":152}},"44":{"start":{"line":125,"column":4},"end":{"line":125,"column":21}},"45":{"start":{"line":126,"column":4},"end":{"line":126,"column":15}},"46":{"start":{"line":130,"column":0},"end":{"line":130,"column":22}}},"branchMap":{"1":{"line":12,"type":"if","locations":[{"start":{"line":12,"column":6},"end":{"line":12,"column":6}},{"start":{"line":12,"column":6},"end":{"line":12,"column":6}}]},"2":{"line":26,"type":"cond-expr","locations":[{"start":{"line":26,"column":25},"end":{"line":26,"column":41}},{"start":{"line":26,"column":44},"end":{"line":26,"column":48}}]},"3":{"line":27,"type":"cond-expr","locations":[{"start":{"line":27,"column":24},"end":{"line":27,"column":37}},{"start":{"line":27,"column":40},"end":{"line":27,"column":44}}]},"4":{"line":28,"type":"cond-expr","locations":[{"start":{"line":28,"column":24},"end":{"line":28,"column":38}},{"start":{"line":28,"column":41},"end":{"line":28,"column":45}}]},"5":{"line":29,"type":"cond-expr","locations":[{"start":{"line":29,"column":22},"end":{"line":29,"column":36}},{"start":{"line":29,"column":39},"end":{"line":29,"column":43}}]},"6":{"line":36,"type":"if","locations":[{"start":{"line":36,"column":4},"end":{"line":36,"column":4}},{"start":{"line":36,"column":4},"end":{"line":36,"column":4}}]},"7":{"line":55,"type":"cond-expr","locations":[{"start":{"line":55,"column":37},"end":{"line":55,"column":49}},{"start":{"line":55,"column":52},"end":{"line":55,"column":56}}]},"8":{"line":62,"type":"cond-expr","locations":[{"start":{"line":62,"column":34},"end":{"line":62,"column":52}},{"start":{"line":62,"column":55},"end":{"line":62,"column":59}}]},"9":{"line":78,"type":"if","locations":[{"start":{"line":78,"column":4},"end":{"line":78,"column":4}},{"start":{"line":78,"column":4},"end":{"line":78,"column":4}}]},"10":{"line":82,"type":"if","locations":[{"start":{"line":82,"column":11},"end":{"line":82,"column":11}},{"start":{"line":82,"column":11},"end":{"line":82,"column":11}}]},"11":{"line":97,"type":"if","locations":[{"start":{"line":97,"column":6},"end":{"line":97,"column":6}},{"start":{"line":97,"column":6},"end":{"line":97,"column":6}}]},"12":{"line":99,"type":"if","locations":[{"start":{"line":99,"column":13},"end":{"line":99,"column":13}},{"start":{"line":99,"column":13},"end":{"line":99,"column":13}}]},"13":{"line":115,"type":"if","locations":[{"start":{"line":115,"column":13},"end":{"line":115,"column":13}},{"start":{"line":115,"column":13},"end":{"line":115,"column":13}}]},"14":{"line":119,"type":"cond-expr","locations":[{"start":{"line":119,"column":40},"end":{"line":119,"column":90}},{"start":{"line":120,"column":11},"end":{"line":120,"column":150}}]},"15":{"line":120,"type":"cond-expr","locations":[{"start":{"line":120,"column":43},"end":{"line":120,"column":95}},{"start":{"line":120,"column":98},"end":{"line":120,"column":150}}]}}},"D:\\My Projects\\Args\\Schema.js":{"path":"D:\\My Projects\\Args\\Schema.js","s":{"1":1,"2":2,"3":11,"4":11,"5":11,"6":2,"7":1,"8":1},"b":{},"f":{},"fnMap":{},"statementMap":{"1":{"start":{"line":1,"column":0},"end":{"line":9,"column":1}},"2":{"start":{"line":2,"column":2},"end":{"line":6,"column":3}},"3":{"start":{"line":3,"column":4},"end":{"line":3,"column":24}},"4":{"start":{"line":4,"column":4},"end":{"line":4,"column":16}},"5":{"start":{"line":5,"column":4},"end":{"line":5,"column":28}},"6":{"start":{"line":8,"column":2},"end":{"line":8,"column":11}},"7":{"start":{"line":11,"column":0},"end":{"line":36,"column":1}},"8":{"start":{"line":39,"column":0},"end":{"line":42,"column":2}}},"branchMap":{}}}