TN:
SF:D:\My Projects\Args\Args.js
FN:4,(anonymous_1)
FN:10,(anonymous_2)
FN:25,(anonymous_3)
FN:34,(anonymous_4)
FN:41,(anonymous_5)
FN:77,(anonymous_6)
FN:89,(anonymous_7)
FNF:7
FNH:7
FNDA:9,(anonymous_1)
FNDA:9,(anonymous_2)
FNDA:8,(anonymous_3)
FNDA:75,(anonymous_4)
FNDA:9,(anonymous_5)
FNDA:12,(anonymous_6)
FNDA:9,(anonymous_7)
DA:1,1
DA:5,9
DA:6,9
DA:11,9
DA:12,34
DA:13,1
DA:14,1
DA:26,8
DA:27,8
DA:28,8
DA:29,8
DA:30,8
DA:36,75
DA:38,51
DA:42,9
DA:46,9
DA:48,9
DA:51,8
DA:54,8
DA:55,71
DA:59,8
DA:62,71
DA:65,8
DA:78,12
DA:79,1
DA:80,2
DA:82,11
DA:83,1
DA:85,10
DA:90,9
DA:91,9
DA:93,8
DA:95,8
DA:97,30
DA:98,7
DA:99,23
DA:104,8
DA:114,8
DA:115,15
DA:116,7
DA:117,7
DA:119,8
DA:125,8
DA:126,8
DA:130,1
LF:45
LH:45
BRDA:12,1,0,1
BRDA:12,1,1,33
BRDA:26,2,0,7
BRDA:26,2,1,1
BRDA:27,3,0,0
BRDA:27,3,1,8
BRDA:28,4,0,1
BRDA:28,4,1,7
BRDA:29,5,0,0
BRDA:29,5,1,8
BRDA:36,6,0,24
BRDA:36,6,1,51
BRDA:55,7,0,18
BRDA:55,7,1,53
BRDA:62,8,0,30
BRDA:62,8,1,41
BRDA:78,9,0,1
BRDA:78,9,1,11
BRDA:82,10,0,1
BRDA:82,10,1,10
BRDA:97,11,0,7
BRDA:97,11,1,23
BRDA:99,12,0,8
BRDA:99,12,1,15
BRDA:115,13,0,7
BRDA:115,13,1,8
BRDA:119,14,0,1
BRDA:119,14,1,7
BRDA:120,15,0,4
BRDA:120,15,1,3
BRF:30
BRH:28
end_of_record
TN:
SF:D:\My Projects\Args\Schema.js
FNF:0
FNH:0
DA:1,1
DA:2,2
DA:3,11
DA:4,11
DA:5,11
DA:8,2
DA:11,1
DA:39,1
LF:8
LH:8
BRF:0
BRH:0
end_of_record
